make all --print-data-base --no-builtin-variables --no-builtin-rules --question
# GNU Make 4.2.1
# Built for x86_64-pc-linux-gnu
# Copyright (C) 1988-2016 Free Software Foundation, Inc.
# License GPLv3+: GNU GPL version 3 or later <http://gnu.org/licenses/gpl.html>
# This is free software: you are free to change and redistribute it.
# There is NO WARRANTY, to the extent permitted by law.

# Make data base, printed on Sun May 22 11:49:18 2022

# Variables

# 'override' directive
GNUMAKEFLAGS := 
# automatic
<D = $(patsubst %/,%,$(dir $<))
# automatic
?F = $(notdir $?)
# environment
DESKTOP_SESSION = ubuntu
# default
.SHELLFLAGS := -c
# environment
XDG_SESSION_CLASS = user
# environment
SNAP_COMMON = /var/snap/code/common
# environment
XDG_SESSION_TYPE = x11
# makefile (from 'Makefile', line 23)
APP_SOURCES = $(shell find $(SRC_DIR)/$(APP_NAME) -name '*.$(SRC_EXT)')
# environment
VSCODE_LOG_NATIVE = false
# automatic
?D = $(patsubst %/,%,$(dir $?))
# environment
IM_CONFIG_PHASE = 1
# automatic
@D = $(patsubst %/,%,$(dir $@))
# environment
XAUTHORITY = /run/user/1000/gdm/Xauthority
# environment
GDMSESSION = ubuntu
# environment
XMODIFIERS = @im=ibus
# makefile
CURDIR := /home/maxim/geometry-Goggito
# makefile
SHELL = /bin/sh
 
# environment
SNAP_DATA = /var/snap/code/97
# environment
VSCODE_NLS_CONFIG = {"locale":"ru","availableLanguages":{"*":"ru"},"_languagePackId":"6c87e287770fa80b3245e0a037b935fb.ru","_translationsConfigFile":"/home/maxim/.config/Code/clp/6c87e287770fa80b3245e0a037b935fb.ru/tcf.json","_cacheRoot":"/home/maxim/.config/Code/clp/6c87e287770fa80b3245e0a037b935fb.ru","_resolvedLanguagePackCoreLocation":"/home/maxim/.config/Code/clp/6c87e287770fa80b3245e0a037b935fb.ru/c3511e6c69bb39013c4a4b7b9566ec1ca73fc4d5","_corruptedFile":"/home/maxim/.config/Code/clp/6c87e287770fa80b3245e0a037b935fb.ru/corrupted.info","_languagePackSupport":true}
# makefile (from 'Makefile', line 24)
APP_OBJECTS = $(APP_SOURCES:$(SRC_DIR)/%.$(SRC_EXT)=$(OBJ_DIR)/$(SRC_DIR)/%.o)
# makefile (from 'Makefile', line 5)
TEST_NAME = test
# environment
JOURNAL_STREAM = 8:33202
# makefile (from 'Makefile', line 7)
CFLAGS = -Wall -Wextra -Werror
# environment
XDG_CONFIG_DIRS = /etc/xdg/xdg-ubuntu:/etc/xdg
# environment
SNAP_INSTANCE_NAME = code
# environment
SNAP_ARCH = amd64
# makefile (from 'obj/test/main.d', line 1)
MAKEFILE_LIST :=  Makefile obj/src/geom/main.d obj/src/libgeom/geometry.d obj/test/geometry_test.d obj/test/main.d obj/src/geom/main.d obj/src/libgeom/geometry.d obj/test/geometry_test.d obj/test/main.d
# automatic
@F = $(notdir $@)
# environment
GIO_LAUNCHED_DESKTOP_FILE = /var/lib/snapd/desktop/applications/code_code.desktop
# environment
USERNAME = maxim
# makefile (from 'Makefile', line 13)
OBJ_DIR = obj
# environment
XDG_DATA_DIRS = /usr/share/ubuntu:/usr/local/share/:/usr/share/:/var/lib/snapd/desktop
# environment
DBUS_SESSION_BUS_ADDRESS = unix:path=/run/user/1000/bus
# environment
VSCODE_VERBOSE_LOGGING = true
# makefile (from 'Makefile', line 29)
LIB_SOURCES = $(shell find $(SRC_DIR)/$(LIB_NAME) -name '*.$(SRC_EXT)')
# environment
_ = /snap/code/97/usr/share/code/code
# makefile (from 'Makefile', line 8)
CPPFLAGS = -I src -MP -MMD
# environment
MANAGERPID = 922
# environment
LESSOPEN = | /usr/bin/lesspipe %s
# environment
VSCODE_CWD = /home/maxim
# makefile (from 'Makefile', line 30)
LIB_OBJECTS = $(LIB_SOURCES:$(SRC_DIR)/%.$(SRC_EXT)=$(OBJ_DIR)/$(SRC_DIR)/%.o)
# environment
GSETTINGS_SCHEMA_DIR = /snap/code/97/usr/share/glib-2.0/schemas
# default
MAKE_HOST := x86_64-pc-linux-gnu
# environment
PATH = /usr/local/sbin:/usr/local/bin:/usr/sbin:/usr/bin:/sbin:/bin:/usr/games:/usr/local/games:/snap/bin
# environment
GPG_AGENT_INFO = /run/user/1000/gnupg/S.gpg-agent:0:1
# environment
SESSION_MANAGER = local/maxim-VirtualBox:@/tmp/.ICE-unix/1420,unix/maxim-VirtualBox:/tmp/.ICE-unix/1420
# environment
XDG_RUNTIME_DIR = /run/user/1000
# environment
GDK_PIXBUF_MODULE_FILE = /home/maxim/snap/code/common/.cache/gdk-pixbuf-loaders.cache
# environment
SNAP = /snap/code/97
# makefile (from 'Makefile', line 15)
TEST_DIR = test
# environment
SNAP_VERSION = c3511e6c
# environment
XDG_MENU_PREFIX = gnome-
# environment
VSCODE_LOG_STACK = false
# environment
DISABLE_WAYLAND = 1
# environment
ELECTRON_RUN_AS_NODE = 1
# environment
INVOCATION_ID = 9bf6292fbb564cc7a47a2add730fd93f
# makefile (from 'Makefile', line 9)
LDFLAGS = 
# environment
GDK_PIXBUF_MODULEDIR = /snap/code/97/usr/lib/x86_64-linux-gnu/gdk-pixbuf-2.0/2.10.0/loaders
# makefile (from 'Makefile', line 10)
LDLIBS = 
# default
.FEATURES := target-specific order-only second-expansion else-if shortest-stem undefine oneshell archives jobserver output-sync check-symlink load
# makefile (from 'Makefile', line 26)
TEST_SOURCES = $(shell find test -name '*.$(SRC_EXT)')
# environment
LS_COLORS = 
# environment
XDG_SESSION_DESKTOP = ubuntu
# environment
SSH_AUTH_SOCK = /run/user/1000/keyring/ssh
# environment
GIO_LAUNCHED_DESKTOP_FILE_PID = 1882
# automatic
%F = $(notdir $%)
# environment
DISPLAY = :0
# makefile (from 'Makefile', line 27)
TEST_OBJECTS = $(TEST_SOURCES:test/%.cpp=obj/test/%.o)
# environment
VSCODE_PIPE_LOGGING = true
# environment
SNAP_INSTANCE_KEY = 
# environment
PWD = /home/maxim/geometry-Goggito
# default
.LOADED := 
# environment
SSH_AGENT_PID = 1272
# environment
ORIGINAL_XDG_CURRENT_DESKTOP = ubuntu:GNOME
# environment
GTK_MODULES = gail:atk-bridge
# environment
VSCODE_AMD_ENTRYPOINT = vs/workbench/api/node/extensionHostProcess
# environment
HOME = /home/maxim
# makefile (from 'Makefile', line 17)
APP_PATH = $(BIN_DIR)/$(APP_NAME)
# environment
LESSCLOSE = /usr/bin/lesspipe %s %s
# environment
VSCODE_CLI = 1
# environment
VSCODE_CODE_CACHE_PATH = /home/maxim/.config/Code/CachedData/c3511e6c69bb39013c4a4b7b9566ec1ca73fc4d5
# environment
LOGNAME = maxim
# environment
APPLICATION_INSIGHTS_NO_DIAGNOSTIC_CHANNEL = 1
# environment
SNAP_LIBRARY_PATH = /var/lib/snapd/lib/gl:/var/lib/snapd/lib/gl32:/var/lib/snapd/void
# environment
SNAP_CONTEXT = 5LQCnLu-RZ-LGIO8r36yI8-UZM7yLYl2KFBpMplFux1JtBdt1dxX
# environment
ELECTRON_NO_ATTACH_CONSOLE = 1
# environment
SNAP_USER_COMMON = /home/maxim/snap/code/common
# environment
VSCODE_HANDLES_UNCAUGHT_ERRORS = true
# environment
GNOME_DESKTOP_SESSION_ID = this-is-deprecated
# automatic
^D = $(patsubst %/,%,$(dir $^))
# environment
MAKELEVEL := 0
# environment
SNAP_REAL_HOME = /home/maxim
# default
MAKE = $(MAKE_COMMAND)
# default
MAKECMDGOALS := all
# environment
QT_IM_MODULE = ibus
# environment
SNAP_USER_DATA = /home/maxim/snap/code/97
# environment
SHLVL = 0
# makefile (from 'Makefile', line 1)
CC = g++
# environment
GNOME_SHELL_SESSION_MODE = ubuntu
# environment
VSCODE_IPC_HOOK_EXTHOST = /run/user/1000/vscode-ipc-8d5f7cd0-470a-4b32-b69d-bc6d655b1a4e.sock
# default
MAKE_VERSION := 4.2.1
# environment
USER = maxim
# environment
SNAP_REVISION = 97
# makefile
.DEFAULT_GOAL := all
# environment
XDG_CURRENT_DESKTOP = Unity
# makefile (from 'Makefile', line 21)
SRC_EXT = cpp
# automatic
%D = $(patsubst %/,%,$(dir $%))
# default
MAKE_COMMAND := make
# default
.VARIABLES := 
# automatic
*F = $(notdir $*)
# environment
VSCODE_IPC_HOOK = /run/user/1000/vscode-e4546ff0-1.67.2-main.sock
# environment
BAMF_DESKTOP_FILE_HINT = /var/lib/snapd/desktop/applications/code_code.desktop
# makefile
MAKEFLAGS = pqrR
# makefile (from 'Makefile', line 19)
LIB_PATH = $(OBJ_DIR)/$(SRC_DIR)/$(LIB_NAME)/$(LIB_NAME).a
# environment
MFLAGS = -pqrR
# automatic
*D = $(patsubst %/,%,$(dir $*))
# automatic
+D = $(patsubst %/,%,$(dir $+))
# environment
GDK_BACKEND = x11
# automatic
+F = $(notdir $+)
# makefile (from 'Makefile', line 3)
APP_NAME = geom
# environment
QT_ACCESSIBILITY = 1
# makefile (from 'Makefile', line 18)
TEST_PATH = $(BIN_DIR)/$(TEST_DIR)
# 'override' directive
.SHELLSTATUS := 0
# default
MAKEFILES := 
# environment
SNAP_COOKIE = 5LQCnLu-RZ-LGIO8r36yI8-UZM7yLYl2KFBpMplFux1JtBdt1dxX
# makefile (from 'Makefile', line 14)
SRC_DIR = src
# automatic
<F = $(notdir $<)
# environment
SNAP_NAME = code
# makefile (from 'Makefile', line 12)
BIN_DIR = bin
# environment
LC_ALL = C
# environment
GJS_DEBUG_TOPICS = JS ERROR;JS LOG
# automatic
^F = $(notdir $^)
# makefile (from 'Makefile', line 32)
DEPS = $(APP_OBJECTS:.o=.d) $(LIB_OBJECTS:.o=.d) $(TEST_OBJECTS:.o=.d)
# default
SUFFIXES := 
# environment
SNAP_REEXEC = 
# makefile (from 'Makefile', line 4)
LIB_NAME = libgeom
# environment
CHROME_DESKTOP = code-url-handler.desktop
# environment
WINDOWPATH = 2
# default
.INCLUDE_DIRS = /usr/include /usr/local/include /usr/include
# environment
GJS_DEBUG_OUTPUT = stderr
# default
.RECIPEPREFIX := 
# environment
LANG = C
# environment
VSCODE_PID = 2306
# variable set hash-table stats:
# Load=144/1024=14%, Rehash=0, Collisions=24/317=8%

# Pattern-specific Variable Values

# No pattern-specific variable values.

# Directories

# src/geom (device 2053, inode 415554): No files, no impossibilities so far.
# . (device 2053, inode 393317): 16 files, no impossibilities.
# src/libgeom (device 2053, inode 415556): No files, no impossibilities so far.

# 16 files, no impossibilities in 3 directories.

# Implicit Rules

obj/%.o: %.cpp
#  recipe to execute (from 'Makefile', line 48):
	$(CC) -c $(CFLAGS) $(CPPFLAGS) -I thirdparty $< -o $@ -lm
	

# 1 implicit rules, 0 (0.0%) terminal.

 
# Files

obj/src/geom/main.o: src/geom/main.cpp src/geom/main.cpp src/libgeom/geometry.h src/geom/main.cpp src/libgeom/geometry.h
#  Implicit rule search has been done.
#  Implicit/static pattern stem: 'src/geom/main'
#  Last modified 2022-05-22 11:47:43.688392689
#  File has been updated.
#  Successfully updated.
#  recipe to execute (from 'Makefile', line 48):
	$(CC) -c $(CFLAGS) $(CPPFLAGS) -I thirdparty $< -o $@ -lm
	

bin/test: obj/test/geometry_test.o obj/test/main.o obj/src/libgeom/libgeom.a
#  Implicit rule search has not been done.
#  Modification time never checked.
#  File has not been updated.
#  recipe to execute (from 'Makefile', line 57):
	$(CC) $(CFLAGS) -I thirdparty $^ -o $@ $(LDFLAGS) $(LDLIBS) -lm

obj/src/libgeom/libgeom.a: obj/src/libgeom/geometry.o
#  Implicit rule search has not been done.
#  Last modified 2022-05-22 11:47:44.236393027
#  File has been updated.
#  Successfully updated.
#  recipe to execute (from 'Makefile', line 45):
	ar rcs $@ $^

all: bin/geom
#  Command line target.
#  Implicit rule search has not been done.
#  Implicit/static pattern stem: ''
#  File does not exist.
#  File has been updated.
#  Needs to be updated (-q is set).
# automatic
# @ := all
# automatic
# % := 
# automatic
# * := 
# automatic
# + := bin/geom
# automatic
# | := 
# automatic
# < := bin/geom
# automatic
# ^ := bin/geom
# automatic
# ? := bin/geom
# variable set hash-table stats:
# Load=8/32=25%, Rehash=0, Collisions=1/12=8%
#  recipe to execute (from 'Makefile', line 37):
	./bin/$(APP_NAME)

# Not a target:
test/geometry_test.cpp:
#  Implicit rule search has not been done.
#  Modification time never checked.
#  File has not been updated.

.PHONY: test clean
#  Implicit rule search has not been done.
#  Modification time never checked.
#  File has not been updated.

bin/geom: obj/src/geom/main.o obj/src/libgeom/libgeom.a
#  Implicit rule search has not been done.
#  Last modified 2022-05-22 11:47:44.504393188
#  File has been updated.
#  Successfully updated.
#  recipe to execute (from 'Makefile', line 42):
	$(CC) $(CFLAGS) $(CPPFLAGS) $^ -o $@ $(LDFLAGS) $(LDLIBS)

# Not a target:
.SUFFIXES:
#  Implicit rule search has not been done.
#  Modification time never checked.
#  File has not been updated.

# Not a target:
Makefile:
#  Implicit rule search has been done.
#  Last modified 2022-05-22 11:49:01.624412236
#  File has been updated.
#  Successfully updated.

test: bin/test
#  Phony target (prerequisite of .PHONY).
#  Implicit rule search has not been done.
#  File does not exist.
#  File has not been updated.
#  recipe to execute (from 'Makefile', line 51):
	./bin/test

src/libgeom/geometry.h:
#  Implicit rule search has been done.
#  Last modified 2022-05-22 00:42:24.736820751
#  File has been updated.
#  Successfully updated.

# Not a target:
obj/src/libgeom/geometry.d:
#  Implicit rule search has been done.
#  Last modified 2022-05-22 11:47:44.156392978
#  File has been updated.
#  Successfully updated.

thirdparty/ctest.h:
#  Implicit rule search has not been done.
#  Modification time never checked.
#  File has not been updated.

# Not a target:
obj/test/geometry_test.d:
#  Implicit rule search has been done.
#  Last modified 2022-05-22 11:47:50.6803966
#  File has been updated.
#  Successfully updated.

# Not a target:
src/libgeom/geometry.cpp:
#  Implicit rule search has been done.
#  Last modified 2022-05-22 01:20:48.653105571
#  File has been updated.
#  Successfully updated.

# Not a target:
.DEFAULT:
#  Implicit rule search has not been done.
#  Modification time never checked.
#  File has not been updated.

# Not a target:
test/main.cpp:
#  Implicit rule search has not been done.
#  Modification time never checked.
#  File has not been updated.

 
obj/src/libgeom/geometry.o: src/libgeom/geometry.cpp src/libgeom/geometry.cpp src/libgeom/geometry.h src/libgeom/geometry.cpp src/libgeom/geometry.h
#  Implicit rule search has been done.
#  Implicit/static pattern stem: 'src/libgeom/geometry'
#  Last modified 2022-05-22 11:47:44.168392986
#  File has been updated.
#  Successfully updated.
#  recipe to execute (from 'Makefile', line 48):
	$(CC) -c $(CFLAGS) $(CPPFLAGS) -I thirdparty $< -o $@ -lm
	

clean:
#  Phony target (prerequisite of .PHONY).
#  Implicit rule search has not been done.
#  File does not exist.
#  File has not been updated.
#  recipe to execute (from 'Makefile', line 62):
	$(RM) $(APP_PATH) $(TEST_PATH) $(LIB_PATH)
	find $(OBJ_DIR) -name '*.o' -exec $(RM) '{}' \;
	find $(OBJ_DIR) -name '*.d' -exec $(RM) '{}' \;

obj/test/geometry_test.o: test/geometry_test.cpp src/libgeom/geometry.h thirdparty/ctest.h test/geometry_test.cpp src/libgeom/geometry.h thirdparty/ctest.h
#  Implicit rule search has not been done.
#  Modification time never checked.
#  File has not been updated.

# Not a target:
obj/src/geom/main.d:
#  Implicit rule search has been done.
#  Last modified 2022-05-22 11:47:43.528392589
#  File has been updated.
#  Successfully updated.

# Not a target:
src/geom/main.cpp:
#  Implicit rule search has been done.
#  Last modified 2022-04-11 01:08:07.129912376
#  File has been updated.
#  Successfully updated.

obj/test/main.o: test/main.cpp thirdparty/ctest.h test/main.cpp thirdparty/ctest.h
#  Implicit rule search has not been done.
#  Modification time never checked.
#  File has not been updated.

# Not a target:
obj/test/main.d:
#  Implicit rule search has been done.
#  Last modified 2022-05-22 00:21:20.047643812
#  File has been updated.
#  Successfully updated.

# files hash-table stats:
# Load=24/1024=2%, Rehash=0, Collisions=3/95=3%
# VPATH Search Paths

# No 'vpath' search paths.

# No general ('VPATH' variable) search path.

# strcache buffers: 1 (0) / strings = 46 / storage = 592 B / avg = 12 B
# current buf: size = 8162 B / used = 592 B / count = 46 / avg = 12 B

# strcache performance: lookups = 130 / hit rate = 64%
# hash-table stats:
# Load=46/8192=1%, Rehash=0, Collisions=6/130=5%
# Finished Make data base on Sun May 22 11:49:18 2022

 
